<?xml version="1.0" encoding="UTF-8"?>
<!-- Generated by org.testng.reporters.JUnitXMLReporter -->
<testsuite hostname="Shakib-PC" name="Regression Testing" tests="7" failures="0" timestamp="12 Nov 2015 10:24:21 GMT" time="0.087" errors="0">
  <testcase name="method1ForTC2" time="0.02" classname="com.maven.package_1.MavenTest2.TC_002_verifyLogInLogOut"/>
  <testcase name="method2ForTC2" time="0.001" classname="com.maven.package_1.MavenTest2.TC_002_verifyLogInLogOut"/>
  <testcase name="logInLogOut" time="0.007" classname="com.maven.package_1.MavenTest2.TC_002_verifyLogInLogOut"/>
  <testcase name="verifyShopping" time="0.001" classname="com.maven.package_1.MavenTest2.TC_003_verifyShoppingWithLoginAndLogOut"/>
  <testcase name="logIn" time="0.0" classname="com.maven.package_1.MavenTest2.TC_004_verifyShoppingEvenAfterLogInFailed"/>
  <testcase name="sds" time="0.0" classname="com.maven.package_1.MavenTest2.TC_004_verifyShoppingEvenAfterLogInFailed"/>
  <testcase name="logOut" time="0.001" classname="com.maven.package_1.MavenTest2.TC_004_verifyShoppingEvenAfterLogInFailed"/>
</testsuite> <!-- Regression Testing -->
